<?xml version="1.0" encoding="UTF-8"?>
<testng-results skipped="0" failed="0" ignored="0" total="2" passed="2">
  <reporter-output>
  </reporter-output>
  <suite name="Suite" duration-ms="59937" started-at="2018-03-16T10:18:19Z" finished-at="2018-03-16T10:19:19Z">
    <groups>
    </groups>
    <test name="Test" duration-ms="59937" started-at="2018-03-16T10:18:19Z" finished-at="2018-03-16T10:19:19Z">
      <class name="com.selenium.logicalscripts.BrowserSlider">
        <test-method status="PASS" signature="setUp()[pri:0, instance:com.selenium.logicalscripts.BrowserSlider@48eff760]" name="setUp" is-config="true" duration-ms="8699" started-at="2018-03-16T15:48:44Z" finished-at="2018-03-16T15:48:52Z">
          <reporter-output>
          </reporter-output>
        </test-method> <!-- setUp -->
        <test-method status="PASS" signature="testBrowserSlider()[pri:0, instance:com.selenium.logicalscripts.BrowserSlider@48eff760]" name="testBrowserSlider" duration-ms="26195" started-at="2018-03-16T15:48:52Z" finished-at="2018-03-16T15:49:19Z">
          <reporter-output>
          </reporter-output>
        </test-method> <!-- testBrowserSlider -->
        <test-method status="PASS" signature="tearDown()[pri:0, instance:com.selenium.logicalscripts.BrowserSlider@48eff760]" name="tearDown" is-config="true" duration-ms="567" started-at="2018-03-16T15:49:19Z" finished-at="2018-03-16T15:49:19Z">
          <reporter-output>
          </reporter-output>
        </test-method> <!-- tearDown -->
      </class> <!-- com.selenium.logicalscripts.BrowserSlider -->
      <class name="com.selenium.logicalscripts.BrowserHistory">
        <test-method status="PASS" signature="setUp()[pri:0, instance:com.selenium.logicalscripts.BrowserHistory@7c0e2abd]" name="setUp" is-config="true" duration-ms="10933" started-at="2018-03-16T15:48:19Z" finished-at="2018-03-16T15:48:30Z">
          <reporter-output>
          </reporter-output>
        </test-method> <!-- setUp -->
        <test-method status="PASS" signature="testBrowserHistory()[pri:0, instance:com.selenium.logicalscripts.BrowserHistory@7c0e2abd]" name="testBrowserHistory" duration-ms="12887" started-at="2018-03-16T15:48:30Z" finished-at="2018-03-16T15:48:43Z">
          <reporter-output>
          </reporter-output>
        </test-method> <!-- testBrowserHistory -->
        <test-method status="PASS" signature="tearDown()[pri:0, instance:com.selenium.logicalscripts.BrowserHistory@7c0e2abd]" name="tearDown" is-config="true" duration-ms="511" started-at="2018-03-16T15:48:43Z" finished-at="2018-03-16T15:48:44Z">
          <reporter-output>
          </reporter-output>
        </test-method> <!-- tearDown -->
      </class> <!-- com.selenium.logicalscripts.BrowserHistory -->
    </test> <!-- Test -->
  </suite> <!-- Suite -->
</testng-results>
